<?xml version="1.0" encoding="UTF-8"?>
<testng-results skipped="0" failed="0" ignored="0" total="1" passed="1">
  <reporter-output>
  </reporter-output>
  <suite name="Default suite" duration-ms="14003" started-at="2018-07-30T16:57:50Z" finished-at="2018-07-30T16:58:04Z">
    <groups>
    </groups>
    <test name="Default test" duration-ms="14003" started-at="2018-07-30T16:57:50Z" finished-at="2018-07-30T16:58:04Z">
      <class name="Runner.Runner1">
        <test-method status="PASS" signature="beforeTest()[pri:0, instance:Runner.Runner1@1b604f19]" name="beforeTest" is-config="true" duration-ms="8091" started-at="2018-07-30T22:27:50Z" finished-at="2018-07-30T22:27:58Z">
          <reporter-output>
          </reporter-output>
        </test-method> <!-- beforeTest -->
        <test-method status="PASS" signature="test()[pri:0, instance:Runner.Runner1@1b604f19]" name="test" duration-ms="5882" started-at="2018-07-30T22:27:58Z" finished-at="2018-07-30T22:28:04Z">
          <reporter-output>
          </reporter-output>
        </test-method> <!-- test -->
        <test-method status="PASS" signature="afterTest()[pri:0, instance:Runner.Runner1@1b604f19]" name="afterTest" is-config="true" duration-ms="0" started-at="2018-07-30T22:28:04Z" finished-at="2018-07-30T22:28:04Z">
          <reporter-output>
          </reporter-output>
        </test-method> <!-- afterTest -->
      </class> <!-- Runner.Runner1 -->
    </test> <!-- Default test -->
  </suite> <!-- Default suite -->
</testng-results>
